DEB [20240903-16:25:12.204] thr=1   paramiko.transport: starting thread (client mode): 0x9222e730
DEB [20240903-16:25:12.204] thr=1   paramiko.transport: Local version/idstring: SSH-2.0-paramiko_3.4.1
DEB [20240903-16:25:12.208] thr=1   paramiko.transport: Remote version/idstring: SSH-2.0-OpenSSH_8.2p1 Ubuntu-4ubuntu0.11
INF [20240903-16:25:12.209] thr=1   paramiko.transport: Connected (version 2.0, client OpenSSH_8.2p1)
DEB [20240903-16:25:12.210] thr=1   paramiko.transport: === Key exchange possibilities ===
DEB [20240903-16:25:12.210] thr=1   paramiko.transport: kex algos: curve25519-sha256, curve25519-sha256@libssh.org, ecdh-sha2-nistp256, ecdh-sha2-nistp384, ecdh-sha2-nistp521, diffie-hellman-group-exchange-sha256, diffie-hellman-group16-sha512, diffie-hellman-group18-sha512, diffie-hellman-group14-sha256, kex-strict-s-v00@openssh.com
DEB [20240903-16:25:12.210] thr=1   paramiko.transport: server key: rsa-sha2-512, rsa-sha2-256, ssh-rsa, ecdsa-sha2-nistp256, ssh-ed25519
DEB [20240903-16:25:12.210] thr=1   paramiko.transport: client encrypt: chacha20-poly1305@openssh.com, aes128-ctr, aes192-ctr, aes256-ctr, aes128-gcm@openssh.com, aes256-gcm@openssh.com
DEB [20240903-16:25:12.210] thr=1   paramiko.transport: server encrypt: chacha20-poly1305@openssh.com, aes128-ctr, aes192-ctr, aes256-ctr, aes128-gcm@openssh.com, aes256-gcm@openssh.com
DEB [20240903-16:25:12.210] thr=1   paramiko.transport: client mac: umac-64-etm@openssh.com, umac-128-etm@openssh.com, hmac-sha2-256-etm@openssh.com, hmac-sha2-512-etm@openssh.com, hmac-sha1-etm@openssh.com, umac-64@openssh.com, umac-128@openssh.com, hmac-sha2-256, hmac-sha2-512, hmac-sha1
DEB [20240903-16:25:12.210] thr=1   paramiko.transport: server mac: umac-64-etm@openssh.com, umac-128-etm@openssh.com, hmac-sha2-256-etm@openssh.com, hmac-sha2-512-etm@openssh.com, hmac-sha1-etm@openssh.com, umac-64@openssh.com, umac-128@openssh.com, hmac-sha2-256, hmac-sha2-512, hmac-sha1
DEB [20240903-16:25:12.210] thr=1   paramiko.transport: client compress: none, zlib@openssh.com
DEB [20240903-16:25:12.210] thr=1   paramiko.transport: server compress: none, zlib@openssh.com
DEB [20240903-16:25:12.210] thr=1   paramiko.transport: client lang: <none>
DEB [20240903-16:25:12.210] thr=1   paramiko.transport: server lang: <none>
DEB [20240903-16:25:12.211] thr=1   paramiko.transport: kex follows: False
DEB [20240903-16:25:12.211] thr=1   paramiko.transport: === Key exchange agreements ===
DEB [20240903-16:25:12.211] thr=1   paramiko.transport: Strict kex mode: True
DEB [20240903-16:25:12.211] thr=1   paramiko.transport: Kex: curve25519-sha256@libssh.org
DEB [20240903-16:25:12.211] thr=1   paramiko.transport: HostKey: ssh-ed25519
DEB [20240903-16:25:12.211] thr=1   paramiko.transport: Cipher: aes128-ctr
DEB [20240903-16:25:12.211] thr=1   paramiko.transport: MAC: hmac-sha2-256
DEB [20240903-16:25:12.211] thr=1   paramiko.transport: Compression: none
DEB [20240903-16:25:12.211] thr=1   paramiko.transport: === End of kex handshake ===
DEB [20240903-16:25:12.296] thr=1   paramiko.transport: Resetting outbound seqno after NEWKEYS due to strict mode
DEB [20240903-16:25:12.297] thr=1   paramiko.transport: kex engine KexCurve25519 specified hash_algo <built-in function openssl_sha256>
DEB [20240903-16:25:12.306] thr=1   paramiko.transport: Switch to new keys ...
DEB [20240903-16:25:12.306] thr=1   paramiko.transport: Resetting inbound seqno after NEWKEYS due to strict mode
DEB [20240903-16:25:12.307] thr=2   paramiko.transport: Adding ssh-ed25519 host key for 192.168.30.128: b'4645faec6b964e9f4589a316e31b6bc6'
DEB [20240903-16:25:12.307] thr=1   paramiko.transport: Got EXT_INFO: {'server-sig-algs': b'ssh-ed25519,sk-ssh-ed25519@openssh.com,ssh-rsa,rsa-sha2-256,rsa-sha2-512,ssh-dss,ecdsa-sha2-nistp256,ecdsa-sha2-nistp384,ecdsa-sha2-nistp521,sk-ecdsa-sha2-nistp256@openssh.com'}
DEB [20240903-16:25:12.350] thr=1   paramiko.transport: userauth is OK
INF [20240903-16:25:12.360] thr=1   paramiko.transport: Authentication (password) successful!
DEB [20240903-16:25:12.360] thr=2   paramiko.transport: [chan 0] Max packet in: 32768 bytes
DEB [20240903-16:25:12.536] thr=1   paramiko.transport: Received global request "hostkeys-00@openssh.com"
DEB [20240903-16:25:12.536] thr=1   paramiko.transport: Rejecting "hostkeys-00@openssh.com" global request from server.
DEB [20240903-16:25:12.591] thr=1   paramiko.transport: [chan 0] Max packet out: 32768 bytes
DEB [20240903-16:25:12.592] thr=1   paramiko.transport: Secsh channel 0 opened.
DEB [20240903-16:25:12.593] thr=1   paramiko.transport: [chan 0] Sesch channel 0 request ok
DEB [20240903-16:25:12.594] thr=1   paramiko.transport: [chan 0] Sesch channel 0 request ok
DEB [20240903-16:25:34.044] thr=2   paramiko.transport: [chan 0] EOF sent (0)
DEB [20240903-16:25:34.044] thr=1   paramiko.transport: EOF in transport thread
DEB [20240903-16:25:34.708] thr=3   paramiko.transport: starting thread (client mode): 0x922d37c0
DEB [20240903-16:25:34.709] thr=3   paramiko.transport: Local version/idstring: SSH-2.0-paramiko_3.4.1
DEB [20240903-16:25:34.712] thr=3   paramiko.transport: Remote version/idstring: SSH-2.0-OpenSSH_8.2p1 Ubuntu-4ubuntu0.11
INF [20240903-16:25:34.712] thr=3   paramiko.transport: Connected (version 2.0, client OpenSSH_8.2p1)
DEB [20240903-16:25:34.713] thr=3   paramiko.transport: === Key exchange possibilities ===
DEB [20240903-16:25:34.713] thr=3   paramiko.transport: kex algos: curve25519-sha256, curve25519-sha256@libssh.org, ecdh-sha2-nistp256, ecdh-sha2-nistp384, ecdh-sha2-nistp521, diffie-hellman-group-exchange-sha256, diffie-hellman-group16-sha512, diffie-hellman-group18-sha512, diffie-hellman-group14-sha256, kex-strict-s-v00@openssh.com
DEB [20240903-16:25:34.713] thr=3   paramiko.transport: server key: rsa-sha2-512, rsa-sha2-256, ssh-rsa, ecdsa-sha2-nistp256, ssh-ed25519
DEB [20240903-16:25:34.713] thr=3   paramiko.transport: client encrypt: chacha20-poly1305@openssh.com, aes128-ctr, aes192-ctr, aes256-ctr, aes128-gcm@openssh.com, aes256-gcm@openssh.com
DEB [20240903-16:25:34.713] thr=3   paramiko.transport: server encrypt: chacha20-poly1305@openssh.com, aes128-ctr, aes192-ctr, aes256-ctr, aes128-gcm@openssh.com, aes256-gcm@openssh.com
DEB [20240903-16:25:34.713] thr=3   paramiko.transport: client mac: umac-64-etm@openssh.com, umac-128-etm@openssh.com, hmac-sha2-256-etm@openssh.com, hmac-sha2-512-etm@openssh.com, hmac-sha1-etm@openssh.com, umac-64@openssh.com, umac-128@openssh.com, hmac-sha2-256, hmac-sha2-512, hmac-sha1
DEB [20240903-16:25:34.713] thr=3   paramiko.transport: server mac: umac-64-etm@openssh.com, umac-128-etm@openssh.com, hmac-sha2-256-etm@openssh.com, hmac-sha2-512-etm@openssh.com, hmac-sha1-etm@openssh.com, umac-64@openssh.com, umac-128@openssh.com, hmac-sha2-256, hmac-sha2-512, hmac-sha1
DEB [20240903-16:25:34.714] thr=3   paramiko.transport: client compress: none, zlib@openssh.com
DEB [20240903-16:25:34.714] thr=3   paramiko.transport: server compress: none, zlib@openssh.com
DEB [20240903-16:25:34.714] thr=3   paramiko.transport: client lang: <none>
DEB [20240903-16:25:34.714] thr=3   paramiko.transport: server lang: <none>
DEB [20240903-16:25:34.714] thr=3   paramiko.transport: kex follows: False
DEB [20240903-16:25:34.714] thr=3   paramiko.transport: === Key exchange agreements ===
DEB [20240903-16:25:34.714] thr=3   paramiko.transport: Strict kex mode: True
DEB [20240903-16:25:34.714] thr=3   paramiko.transport: Kex: curve25519-sha256@libssh.org
DEB [20240903-16:25:34.714] thr=3   paramiko.transport: HostKey: ssh-ed25519
DEB [20240903-16:25:34.714] thr=3   paramiko.transport: Cipher: aes128-ctr
DEB [20240903-16:25:34.714] thr=3   paramiko.transport: MAC: hmac-sha2-256
DEB [20240903-16:25:34.714] thr=3   paramiko.transport: Compression: none
DEB [20240903-16:25:34.714] thr=3   paramiko.transport: === End of kex handshake ===
DEB [20240903-16:25:34.718] thr=3   paramiko.transport: Resetting outbound seqno after NEWKEYS due to strict mode
DEB [20240903-16:25:34.718] thr=3   paramiko.transport: kex engine KexCurve25519 specified hash_algo <built-in function openssl_sha256>
DEB [20240903-16:25:34.718] thr=3   paramiko.transport: Switch to new keys ...
DEB [20240903-16:25:34.719] thr=3   paramiko.transport: Resetting inbound seqno after NEWKEYS due to strict mode
DEB [20240903-16:25:34.719] thr=3   paramiko.transport: Got EXT_INFO: {'server-sig-algs': b'ssh-ed25519,sk-ssh-ed25519@openssh.com,ssh-rsa,rsa-sha2-256,rsa-sha2-512,ssh-dss,ecdsa-sha2-nistp256,ecdsa-sha2-nistp384,ecdsa-sha2-nistp521,sk-ecdsa-sha2-nistp256@openssh.com'}
DEB [20240903-16:25:34.719] thr=2   paramiko.transport: Adding ssh-ed25519 host key for 192.168.30.128: b'4645faec6b964e9f4589a316e31b6bc6'
DEB [20240903-16:25:34.720] thr=3   paramiko.transport: userauth is OK
INF [20240903-16:25:34.730] thr=3   paramiko.transport: Authentication (password) successful!
DEB [20240903-16:25:34.730] thr=2   paramiko.transport: [chan 0] Max packet in: 32768 bytes
DEB [20240903-16:25:34.783] thr=3   paramiko.transport: Received global request "hostkeys-00@openssh.com"
DEB [20240903-16:25:34.783] thr=3   paramiko.transport: Rejecting "hostkeys-00@openssh.com" global request from server.
DEB [20240903-16:25:34.829] thr=3   paramiko.transport: [chan 0] Max packet out: 32768 bytes
DEB [20240903-16:25:34.829] thr=3   paramiko.transport: Secsh channel 0 opened.
DEB [20240903-16:25:34.831] thr=3   paramiko.transport: [chan 0] Sesch channel 0 request ok
DEB [20240903-16:25:34.831] thr=3   paramiko.transport: [chan 0] Sesch channel 0 request ok
DEB [20240903-16:26:09.964] thr=3   paramiko.transport: Sending global request "keepalive@lag.net"
DEB [20240903-16:26:39.995] thr=3   paramiko.transport: Sending global request "keepalive@lag.net"
DEB [20240903-16:27:10.076] thr=3   paramiko.transport: Sending global request "keepalive@lag.net"
DEB [20240903-16:27:40.134] thr=3   paramiko.transport: Sending global request "keepalive@lag.net"
DEB [20240903-16:28:10.199] thr=3   paramiko.transport: Sending global request "keepalive@lag.net"
DEB [20240903-16:28:40.209] thr=3   paramiko.transport: Sending global request "keepalive@lag.net"
DEB [20240903-16:29:10.298] thr=3   paramiko.transport: Sending global request "keepalive@lag.net"
DEB [20240903-16:29:40.341] thr=3   paramiko.transport: Sending global request "keepalive@lag.net"
DEB [20240903-16:30:10.421] thr=3   paramiko.transport: Sending global request "keepalive@lag.net"
DEB [20240903-16:30:40.496] thr=3   paramiko.transport: Sending global request "keepalive@lag.net"
DEB [20240903-16:31:10.587] thr=3   paramiko.transport: Sending global request "keepalive@lag.net"
DEB [20240903-16:31:40.600] thr=3   paramiko.transport: Sending global request "keepalive@lag.net"
DEB [20240903-16:32:10.673] thr=3   paramiko.transport: Sending global request "keepalive@lag.net"
DEB [20240903-16:32:40.690] thr=3   paramiko.transport: Sending global request "keepalive@lag.net"
DEB [20240903-16:33:10.771] thr=3   paramiko.transport: Sending global request "keepalive@lag.net"
DEB [20240903-16:33:40.875] thr=3   paramiko.transport: Sending global request "keepalive@lag.net"
DEB [20240903-16:34:10.971] thr=3   paramiko.transport: Sending global request "keepalive@lag.net"
DEB [20240903-16:34:40.995] thr=3   paramiko.transport: Sending global request "keepalive@lag.net"
DEB [20240903-16:35:11.059] thr=3   paramiko.transport: Sending global request "keepalive@lag.net"
DEB [20240903-16:35:41.150] thr=3   paramiko.transport: Sending global request "keepalive@lag.net"
DEB [20240903-16:36:11.176] thr=3   paramiko.transport: Sending global request "keepalive@lag.net"
DEB [20240903-16:36:41.194] thr=3   paramiko.transport: Sending global request "keepalive@lag.net"
DEB [20240903-16:37:11.269] thr=3   paramiko.transport: Sending global request "keepalive@lag.net"
DEB [20240903-16:37:41.298] thr=3   paramiko.transport: Sending global request "keepalive@lag.net"
DEB [20240903-16:38:11.392] thr=3   paramiko.transport: Sending global request "keepalive@lag.net"
DEB [20240903-16:38:41.472] thr=3   paramiko.transport: Sending global request "keepalive@lag.net"
DEB [20240903-16:39:11.567] thr=3   paramiko.transport: Sending global request "keepalive@lag.net"
DEB [20240903-16:39:41.586] thr=3   paramiko.transport: Sending global request "keepalive@lag.net"
DEB [20240903-16:40:11.693] thr=3   paramiko.transport: Sending global request "keepalive@lag.net"
DEB [20240903-16:40:41.771] thr=3   paramiko.transport: Sending global request "keepalive@lag.net"
DEB [20240903-16:41:11.807] thr=3   paramiko.transport: Sending global request "keepalive@lag.net"
DEB [20240903-16:41:41.893] thr=3   paramiko.transport: Sending global request "keepalive@lag.net"
DEB [20240903-16:42:11.895] thr=3   paramiko.transport: Sending global request "keepalive@lag.net"
DEB [20240903-16:42:41.912] thr=3   paramiko.transport: Sending global request "keepalive@lag.net"
DEB [20240903-16:43:11.917] thr=3   paramiko.transport: Sending global request "keepalive@lag.net"
DEB [20240903-16:43:41.944] thr=3   paramiko.transport: Sending global request "keepalive@lag.net"
DEB [20240903-16:44:12.011] thr=3   paramiko.transport: Sending global request "keepalive@lag.net"
DEB [20240903-16:44:42.016] thr=3   paramiko.transport: Sending global request "keepalive@lag.net"
DEB [20240903-16:45:12.115] thr=3   paramiko.transport: Sending global request "keepalive@lag.net"
DEB [20240903-16:45:42.118] thr=3   paramiko.transport: Sending global request "keepalive@lag.net"
DEB [20240903-16:46:12.212] thr=3   paramiko.transport: Sending global request "keepalive@lag.net"
DEB [20240903-16:46:42.257] thr=3   paramiko.transport: Sending global request "keepalive@lag.net"
DEB [20240903-16:47:12.350] thr=3   paramiko.transport: Sending global request "keepalive@lag.net"
DEB [20240903-16:47:42.396] thr=3   paramiko.transport: Sending global request "keepalive@lag.net"
DEB [20240903-16:48:12.396] thr=3   paramiko.transport: Sending global request "keepalive@lag.net"
DEB [20240903-16:48:42.423] thr=3   paramiko.transport: Sending global request "keepalive@lag.net"
DEB [20240903-16:48:57.664] thr=3   paramiko.transport: EOF in transport thread
